0 info it worked if it ends with ok
1 verbose cli [ 'D:\\node.js\\node.exe',
1 verbose cli   'D:\\node.js\\node_modules\\npm\\bin\\npm-cli.js',
1 verbose cli   'run',
1 verbose cli   'dev' ]
2 info using npm@3.10.8
3 info using node@v6.9.1
4 verbose run-script [ 'predev', 'dev', 'postdev' ]
5 info lifecycle vue-cnode@2.0.0~predev: vue-cnode@2.0.0
6 silly lifecycle vue-cnode@2.0.0~predev: no script for predev, continuing
7 info lifecycle vue-cnode@2.0.0~dev: vue-cnode@2.0.0
8 verbose lifecycle vue-cnode@2.0.0~dev: unsafe-perm in lifecycle true
9 verbose lifecycle vue-cnode@2.0.0~dev: PATH: D:\node.js\node_modules\npm\bin\node-gyp-bin;G:\np\Vue-cnodejs\node_modules\.bin;C:\Python27\;C:\Python27\Scripts;C:\Windows\system32;C:\Windows;C:\Windows\System32\Wbem;C:\Windows\System32\WindowsPowerShell\v1.0\;C:\Program Files (x86)\Intel\OpenCL SDK\2.0\bin\x86;C:\Program Files (x86)\Intel\OpenCL SDK\2.0\bin\x64;D:\my_tools\svn\bin;D:\wamp\bin\php\php5.4.3;D:\my_tools\Erlang\erl7.2.1\bin;C:\cygwin64\bin;D:\wamp\bin\mysql\mysql5.5.24\bin;C:\Program Files (x86)\GtkSharp\2.12\bin;C:\Program Files\Microsoft\Web Platform Installer\;C:\Program Files (x86)\Microsoft ASP.NET\ASP.NET Web Pages\v1.0\;C:\Program Files\Microsoft SQL Server\110\Tools\Binn\;C:\Program Files (x86)\Windows Kits\8.0\Windows Performance Toolkit\;D:\node.js\;G:\CTEX\UserData\miktex\bin;G:\CTEX\MiKTeX\miktex\bin;G:\CTEX\CTeX;G:\CTEX\CTeX\Packages\ctex\bin;G:\CTEX\CTeX;G:\CTEX\CTeX\Packages\cct\bin;G:\CTEX\CTeX;G:\CTEX\CTeX\Packages\ty\bin;G:\CTEX\Ghostscript\gs9.18\bin;G:\CTEX\GSview\gsview;G:\CTEX\WinEdt;D:\cocos\cocos\Cocos2d-x\Cocos2d-x-3.10\templates;D:\cocos\cocos\Cocos2d-x\Cocos2d-x-3.10\tools\cocos2d-console\bin;D:\my_tools\Sublime Text 2;C:\Users\Administrator\AppData\Roaming\npm;C:\Users\Administrator\AppData\Roaming\npm;G:\egret\Egret Wing 3\bin
10 verbose lifecycle vue-cnode@2.0.0~dev: CWD: G:\np\Vue-cnodejs
11 silly lifecycle vue-cnode@2.0.0~dev: Args: [ '/d /s /c', 'node build/dev-server.js' ]
12 silly lifecycle vue-cnode@2.0.0~dev: Returned: code: 3221225786  signal: null
13 info lifecycle vue-cnode@2.0.0~dev: Failed to exec dev script
14 verbose stack Error: vue-cnode@2.0.0 dev: `node build/dev-server.js`
14 verbose stack Exit status 3221225786
14 verbose stack     at EventEmitter.<anonymous> (D:\node.js\node_modules\npm\lib\utils\lifecycle.js:255:16)
14 verbose stack     at emitTwo (events.js:106:13)
14 verbose stack     at EventEmitter.emit (events.js:191:7)
14 verbose stack     at ChildProcess.<anonymous> (D:\node.js\node_modules\npm\lib\utils\spawn.js:40:14)
14 verbose stack     at emitTwo (events.js:106:13)
14 verbose stack     at ChildProcess.emit (events.js:191:7)
14 verbose stack     at maybeClose (internal/child_process.js:877:16)
14 verbose stack     at Process.ChildProcess._handle.onexit (internal/child_process.js:226:5)
15 verbose pkgid vue-cnode@2.0.0
16 verbose cwd G:\np\Vue-cnodejs
17 error Windows_NT 6.1.7601
18 error argv "D:\\node.js\\node.exe" "D:\\node.js\\node_modules\\npm\\bin\\npm-cli.js" "run" "dev"
19 error node v6.9.1
20 error npm  v3.10.8
21 error code ELIFECYCLE
22 error vue-cnode@2.0.0 dev: `node build/dev-server.js`
22 error Exit status 3221225786
23 error Failed at the vue-cnode@2.0.0 dev script 'node build/dev-server.js'.
23 error Make sure you have the latest version of node.js and npm installed.
23 error If you do, this is most likely a problem with the vue-cnode package,
23 error not with npm itself.
23 error Tell the author that this fails on your system:
23 error     node build/dev-server.js
23 error You can get information on how to open an issue for this project with:
23 error     npm bugs vue-cnode
23 error Or if that isn't available, you can get their info via:
23 error     npm owner ls vue-cnode
23 error There is likely additional logging output above.
24 verbose exit [ 1, true ]
